<?xml version="1.0" encoding="UTF-8"?>
<!-- Generated by org.testng.reporters.JUnitReportReporter -->
<testsuite skipped="0" hostname="DESKTOP-KGRR886" name="apiautomation.EndToEndTest" tests="8" failures="0" timestamp="11 Dec 2022 06:53:52 GMT" time="21.843" errors="0">
  <testcase name="TestGetAllEmployess" time="5.251" classname="apiautomation.EndToEndTest"/>
  <testcase name="TestCreateEmployee" time="3.773" classname="apiautomation.EndToEndTest"/>
  <testcase name="TestGetSingleEmployee" time="2.174" classname="apiautomation.EndToEndTest"/>
  <testcase name="TestUpdateEmployee" time="2.224" classname="apiautomation.EndToEndTest"/>
  <testcase name="VerifyEmployeeAfterUpdate" time="2.114" classname="apiautomation.EndToEndTest"/>
  <testcase name="TestDeleteEmployee" time="2.087" classname="apiautomation.EndToEndTest"/>
  <testcase name="VerifyEmployeeIsDeleted" time="2.101" classname="apiautomation.EndToEndTest"/>
  <testcase name="VerifyEmployeeIsDeletedFromList" time="2.119" classname="apiautomation.EndToEndTest"/>
</testsuite> <!-- apiautomation.EndToEndTest -->
